<?xml version="1.0" encoding="UTF-8"?>
<testng-results ignored="0" total="0" passed="0" failed="0" skipped="0">
  <reporter-output>
  </reporter-output>
  <suite started-at="2024-12-09T15:07:28 IST" name="All Test Suite" finished-at="2024-12-09T15:07:28 IST" duration-ms="11">
    <groups>
    </groups>
    <test started-at="2024-12-09T15:07:28 IST" name="C:/Users/Qapitol/IdeaProjects/Cricket/src/test/java/com/Cricket/Cricket.java" finished-at="2024-12-09T15:07:28 IST" duration-ms="11">
    </test> <!-- C:/Users/Qapitol/IdeaProjects/Cricket/src/test/java/com/Cricket/Cricket.java -->
  </suite> <!-- All Test Suite -->
</testng-results>
